Generating 3D model for part STM32F446_MODULE_1617519582.
	*Warning: No mapping for cell/part STM32F446_MODULE_1617519582
Generating 3D model for part MOLEX_4PIN_1038420706.
	*Warning: No mapping for cell/part MOLEX_4PIN_1038420706
Generating 3D model for part MOLEX_2PIN_3900790604.
	*Warning: No mapping for cell/part MOLEX_2PIN_3900790604
Generating 3D model for part 8X1_CONNECTOR_4254663147.
	*Warning: No mapping for cell/part 8X1_CONNECTOR_4254663147
Generating 3D model for part MAX13488EESA+_3321132599.
	*Warning: No mapping for cell/part MAX13488EESA+_3321132599
Generating 3D model for part SMD_REG_3407857351.
	*Warning: No mapping for cell/part SMD_REG_3407857351
Generating 3D model for part SMD_CAP_3407857351.
	*Warning: No mapping for cell/part SMD_CAP_3407857351
Generating 3D model for part SMD_REG_2318289115.
	*Warning: No mapping for cell/part SMD_REG_2318289115
Generating 3D model for part SERPRATE_2318289115.
	*Warning: No mapping for cell/part SERPRATE_2318289115
Generating 3D model for part MOLEX_3PIN_202554020.
	*Warning: No mapping for cell/part MOLEX_3PIN_202554020
